execve("./part1.x", ["./part1.x"], 0x7ffffdd8aab0 /* 26 vars */) = 0
brk(NULL)                               = 0x7fffbd75e000
arch_prctl(0x3001 /* ARCH_??? */, 0x7fffc5e323e0) = -1 EINVAL (Invalid argument)
access("/etc/ld.so.preload", R_OK)      = -1 ENOENT (No such file or directory)
openat(AT_FDCWD, "/etc/ld.so.cache", O_RDONLY|O_CLOEXEC) = 3
fstat(3, {st_mode=S_IFREG|0644, st_size=38188, ...}) = 0
mmap(NULL, 38188, PROT_READ, MAP_PRIVATE, 3, 0) = 0x7f2632575000
close(3)                                = 0
openat(AT_FDCWD, "/lib/x86_64-linux-gnu/libc.so.6", O_RDONLY|O_CLOEXEC) = 3
read(3, "\177ELF\2\1\1\3\0\0\0\0\0\0\0\0\3\0>\0\1\0\0\0\360q\2\0\0\0\0\0"..., 832) = 832
pread64(3, "\6\0\0\0\4\0\0\0@\0\0\0\0\0\0\0@\0\0\0\0\0\0\0@\0\0\0\0\0\0\0"..., 784, 64) = 784
pread64(3, "\4\0\0\0\20\0\0\0\5\0\0\0GNU\0\2\0\0\300\4\0\0\0\3\0\0\0\0\0\0\0", 32, 848) = 32
pread64(3, "\4\0\0\0\24\0\0\0\3\0\0\0GNU\0\363\377?\332\200\270\27\304d\245n\355Y\377\t\334"..., 68, 880) = 68
fstat(3, {st_mode=S_IFREG|0755, st_size=2029224, ...}) = 0
mmap(NULL, 8192, PROT_READ|PROT_WRITE, MAP_PRIVATE|MAP_ANONYMOUS, -1, 0) = 0x7f2632570000
pread64(3, "\6\0\0\0\4\0\0\0@\0\0\0\0\0\0\0@\0\0\0\0\0\0\0@\0\0\0\0\0\0\0"..., 784, 64) = 784
pread64(3, "\4\0\0\0\20\0\0\0\5\0\0\0GNU\0\2\0\0\300\4\0\0\0\3\0\0\0\0\0\0\0", 32, 848) = 32
pread64(3, "\4\0\0\0\24\0\0\0\3\0\0\0GNU\0\363\377?\332\200\270\27\304d\245n\355Y\377\t\334"..., 68, 880) = 68
mmap(NULL, 2036952, PROT_READ, MAP_PRIVATE|MAP_DENYWRITE, 3, 0) = 0x7f2632340000
mprotect(0x7f2632365000, 1847296, PROT_NONE) = 0
mmap(0x7f2632365000, 1540096, PROT_READ|PROT_EXEC, MAP_PRIVATE|MAP_FIXED|MAP_DENYWRITE, 3, 0x25000) = 0x7f2632365000
mmap(0x7f26324dd000, 303104, PROT_READ, MAP_PRIVATE|MAP_FIXED|MAP_DENYWRITE, 3, 0x19d000) = 0x7f26324dd000
mmap(0x7f2632528000, 24576, PROT_READ|PROT_WRITE, MAP_PRIVATE|MAP_FIXED|MAP_DENYWRITE, 3, 0x1e7000) = 0x7f2632528000
mmap(0x7f263252e000, 13528, PROT_READ|PROT_WRITE, MAP_PRIVATE|MAP_FIXED|MAP_ANONYMOUS, -1, 0) = 0x7f263252e000
close(3)                                = 0
arch_prctl(ARCH_SET_FS, 0x7f2632571340) = 0
mprotect(0x7f2632528000, 12288, PROT_READ) = 0
mprotect(0x7f2632582000, 4096, PROT_READ) = 0
mprotect(0x7f263256d000, 4096, PROT_READ) = 0
munmap(0x7f2632575000, 38188)           = 0
mkdir("test_dir", 0777)                 = -1 EEXIST (File exists)
openat(AT_FDCWD, "test_dir/part1.txt", O_WRONLY|O_CREAT|O_TRUNC, 0777) = 3
write(3, "Hello from Part 1", 17)       = 17
close(3)                                = 0
exit_group(0)                           = ?
+++ exited with 0 +++
